<?xml version="1.0" encoding="UTF-8"?>
<!-- Generated by org.testng.reporters.JUnitReportReporter -->
<testsuite skipped="0" hostname="LAPTOP-7T2N0Q1Q" name="com.testcases.LoginPageTest" tests="3" failures="0" timestamp="28 Feb 2019 03:26:44 GMT" time="29.769" errors="0">
  <testcase name="verifyLinkTextLoginPage" time="9.388" classname="com.testcases.LoginPageTest"/>
  <testcase name="verifyPageTextLoginPage" time="9.507" classname="com.testcases.LoginPageTest"/>
  <testcase name="verifyLoginPageTitleText" time="10.874" classname="com.testcases.LoginPageTest"/>
</testsuite> <!-- com.testcases.LoginPageTest -->
