<?xml version="1.0" encoding="UTF-8"?>
<!-- Generated by org.testng.reporters.JUnitReportReporter -->
<testsuite skipped="0" hostname="LAPTOP-7T2N0Q1Q" name="com.testcases.LoginPageTest" tests="3" failures="0" timestamp="28 Feb 2019 18:19:41 GMT" time="28.890" errors="0">
  <testcase name="verifyPageTextLoginPage" time="10.521" classname="com.testcases.LoginPageTest"/>
  <testcase name="verifyLinkTextLoginPage" time="9.178" classname="com.testcases.LoginPageTest"/>
  <testcase name="verifyLoginPageTitleText" time="9.191" classname="com.testcases.LoginPageTest"/>
</testsuite> <!-- com.testcases.LoginPageTest -->
